2022-04-25 22:56:56,328 [INFO] sqlalchemy.engine.Engine: BEGIN (implicit)
2022-04-25 22:56:56,331 [INFO] sqlalchemy.engine.Engine: SELECT users.is_active AS users_is_active, users.id AS users_id, users.email AS users_email, users.password AS users_password, users.about AS users_about, users.authenticated AS users_authenticated, users.registered_on AS users_registered_on, users.is_admin AS users_is_admin 
FROM users 
WHERE users.id = ?
2022-04-25 22:56:56,332 [INFO] sqlalchemy.engine.Engine: [generated in 0.00144s] (2,)
2022-04-25 22:56:56,427 [INFO] sqlalchemy.engine.Engine: ROLLBACK
2022-04-27 00:25:31,417 [INFO] sqlalchemy.engine.Engine: BEGIN (implicit)
2022-04-27 00:25:31,422 [INFO] sqlalchemy.engine.Engine: SELECT users.is_active AS users_is_active, users.id AS users_id, users.email AS users_email, users.password AS users_password, users.about AS users_about, users.authenticated AS users_authenticated, users.registered_on AS users_registered_on, users.is_admin AS users_is_admin 
FROM users 
WHERE users.id = ?
2022-04-27 00:25:31,424 [INFO] sqlalchemy.engine.Engine: [cached since 2.864e+04s ago] (2,)
2022-04-27 00:25:31,446 [INFO] sqlalchemy.engine.Engine: ROLLBACK
2022-04-27 00:48:05,662 [INFO] sqlalchemy.engine.Engine: BEGIN (implicit)
2022-04-27 00:48:05,664 [INFO] sqlalchemy.engine.Engine: SELECT users.is_active AS users_is_active, users.id AS users_id, users.email AS users_email, users.password AS users_password, users.about AS users_about, users.authenticated AS users_authenticated, users.registered_on AS users_registered_on, users.is_admin AS users_is_admin 
FROM users 
WHERE users.id = ?
2022-04-27 00:48:05,666 [INFO] sqlalchemy.engine.Engine: [generated in 0.00183s] (2,)
2022-04-27 00:48:05,672 [INFO] sqlalchemy.engine.Engine: SELECT users.is_active AS users_is_active, users.id AS users_id, users.email AS users_email, users.password AS users_password, users.about AS users_about, users.authenticated AS users_authenticated, users.registered_on AS users_registered_on, users.is_admin AS users_is_admin 
FROM users 
WHERE users.email = ?
 LIMIT ? OFFSET ?
2022-04-27 00:48:05,673 [INFO] sqlalchemy.engine.Engine: [generated in 0.00147s] ('wxlfolmfrqorhftoop@kvhrs.com', 1, 0)
2022-04-27 00:48:05,682 [INFO] sqlalchemy.engine.Engine: ROLLBACK
2022-04-27 00:48:05,696 [INFO] sqlalchemy.engine.Engine: BEGIN (implicit)
2022-04-27 00:48:05,697 [INFO] sqlalchemy.engine.Engine: SELECT users.is_active AS users_is_active, users.id AS users_id, users.email AS users_email, users.password AS users_password, users.about AS users_about, users.authenticated AS users_authenticated, users.registered_on AS users_registered_on, users.is_admin AS users_is_admin 
FROM users 
WHERE users.id = ?
2022-04-27 00:48:05,698 [INFO] sqlalchemy.engine.Engine: [cached since 0.03417s ago] (2,)
2022-04-27 00:48:05,777 [INFO] sqlalchemy.engine.Engine: ROLLBACK
2022-04-27 00:48:08,122 [INFO] sqlalchemy.engine.Engine: BEGIN (implicit)
2022-04-27 00:48:08,127 [INFO] sqlalchemy.engine.Engine: SELECT users.is_active AS users_is_active, users.id AS users_id, users.email AS users_email, users.password AS users_password, users.about AS users_about, users.authenticated AS users_authenticated, users.registered_on AS users_registered_on, users.is_admin AS users_is_admin 
FROM users 
WHERE users.id = ?
2022-04-27 00:48:08,130 [INFO] sqlalchemy.engine.Engine: [cached since 2.463s ago] (2,)
2022-04-27 00:48:08,162 [INFO] sqlalchemy.engine.Engine: ROLLBACK
2022-04-27 00:48:19,913 [INFO] sqlalchemy.engine.Engine: BEGIN (implicit)
2022-04-27 00:48:19,917 [INFO] sqlalchemy.engine.Engine: SELECT users.is_active AS users_is_active, users.id AS users_id, users.email AS users_email, users.password AS users_password, users.about AS users_about, users.authenticated AS users_authenticated, users.registered_on AS users_registered_on, users.is_admin AS users_is_admin 
FROM users 
WHERE users.id = ?
2022-04-27 00:48:19,920 [INFO] sqlalchemy.engine.Engine: [cached since 14.25s ago] (2,)
2022-04-27 00:48:19,935 [INFO] sqlalchemy.engine.Engine: SELECT users.is_active AS users_is_active, users.id AS users_id, users.email AS users_email, users.password AS users_password, users.about AS users_about, users.authenticated AS users_authenticated, users.registered_on AS users_registered_on, users.is_admin AS users_is_admin 
FROM users 
WHERE users.email = ?
 LIMIT ? OFFSET ?
2022-04-27 00:48:19,941 [INFO] sqlalchemy.engine.Engine: [cached since 14.27s ago] ('wxlfolmfrqorhftoop@kvhrs.com', 1, 0)
2022-04-27 00:48:20,001 [INFO] sqlalchemy.engine.Engine: INSERT INTO users (email, password, about, authenticated, registered_on) VALUES (?, ?, ?, ?, ?)
2022-04-27 00:48:20,003 [INFO] sqlalchemy.engine.Engine: [generated in 0.00199s] ('wxlfolmfrqorhftoop@kvhrs.com', 'pbkdf2:sha256:260000$Naxkp1zyv0BDTdOh$e41987ca9a7c1b746c616eac410225f8a696f4fb65b48c9658006b3e57b02e49', None, 0, '2022-04-27 00:48:19.999690')
2022-04-27 00:48:20,019 [INFO] sqlalchemy.engine.Engine: COMMIT
2022-04-27 00:48:20,031 [INFO] sqlalchemy.engine.Engine: BEGIN (implicit)
2022-04-27 00:48:20,033 [INFO] sqlalchemy.engine.Engine: SELECT users.is_active AS users_is_active, users.id AS users_id, users.email AS users_email, users.password AS users_password, users.about AS users_about, users.authenticated AS users_authenticated, users.registered_on AS users_registered_on, users.is_admin AS users_is_admin 
FROM users 
WHERE users.id = ?
2022-04-27 00:48:20,034 [INFO] sqlalchemy.engine.Engine: [generated in 0.00127s] (1,)
2022-04-27 00:48:20,041 [INFO] sqlalchemy.engine.Engine: UPDATE users SET is_admin=? WHERE users.id = ?
2022-04-27 00:48:20,042 [INFO] sqlalchemy.engine.Engine: [generated in 0.00156s] (1, 1)
2022-04-27 00:48:20,053 [INFO] sqlalchemy.engine.Engine: COMMIT
2022-04-27 00:48:20,083 [INFO] sqlalchemy.engine.Engine: BEGIN (implicit)
2022-04-27 00:48:20,084 [INFO] sqlalchemy.engine.Engine: SELECT users.is_active AS users_is_active, users.id AS users_id, users.email AS users_email, users.password AS users_password, users.about AS users_about, users.authenticated AS users_authenticated, users.registered_on AS users_registered_on, users.is_admin AS users_is_admin 
FROM users 
WHERE users.id = ?
2022-04-27 00:48:20,086 [INFO] sqlalchemy.engine.Engine: [cached since 14.42s ago] (2,)
2022-04-27 00:48:20,097 [INFO] sqlalchemy.engine.Engine: ROLLBACK
2022-04-27 00:48:21,974 [INFO] sqlalchemy.engine.Engine: BEGIN (implicit)
2022-04-27 00:48:21,980 [INFO] sqlalchemy.engine.Engine: SELECT users.is_active AS users_is_active, users.id AS users_id, users.email AS users_email, users.password AS users_password, users.about AS users_about, users.authenticated AS users_authenticated, users.registered_on AS users_registered_on, users.is_admin AS users_is_admin 
FROM users 
WHERE users.id = ?
2022-04-27 00:48:21,984 [INFO] sqlalchemy.engine.Engine: [cached since 16.32s ago] (2,)
2022-04-27 00:48:21,998 [INFO] sqlalchemy.engine.Engine: SELECT users.is_active AS users_is_active, users.id AS users_id, users.email AS users_email, users.password AS users_password, users.about AS users_about, users.authenticated AS users_authenticated, users.registered_on AS users_registered_on, users.is_admin AS users_is_admin 
FROM users 
WHERE users.email = ?
 LIMIT ? OFFSET ?
2022-04-27 00:48:22,002 [INFO] sqlalchemy.engine.Engine: [cached since 16.33s ago] ('wxlfolmfrqorhftoop@kvhrs.com', 1, 0)
2022-04-27 00:48:22,066 [INFO] sqlalchemy.engine.Engine: UPDATE users SET authenticated=? WHERE users.id = ?
2022-04-27 00:48:22,069 [INFO] sqlalchemy.engine.Engine: [generated in 0.00227s] (1, 1)
2022-04-27 00:48:22,081 [INFO] sqlalchemy.engine.Engine: COMMIT
2022-04-27 00:48:22,095 [INFO] sqlalchemy.engine.Engine: BEGIN (implicit)
2022-04-27 00:48:22,096 [INFO] sqlalchemy.engine.Engine: SELECT users.is_active AS users_is_active, users.id AS users_id, users.email AS users_email, users.password AS users_password, users.about AS users_about, users.authenticated AS users_authenticated, users.registered_on AS users_registered_on, users.is_admin AS users_is_admin 
FROM users 
WHERE users.id = ?
2022-04-27 00:48:22,098 [INFO] sqlalchemy.engine.Engine: [cached since 2.065s ago] (1,)
2022-04-27 00:48:22,106 [INFO] sqlalchemy.engine.Engine: ROLLBACK
2022-04-27 00:48:22,120 [INFO] sqlalchemy.engine.Engine: BEGIN (implicit)
2022-04-27 00:48:22,121 [INFO] sqlalchemy.engine.Engine: SELECT users.is_active AS users_is_active, users.id AS users_id, users.email AS users_email, users.password AS users_password, users.about AS users_about, users.authenticated AS users_authenticated, users.registered_on AS users_registered_on, users.is_admin AS users_is_admin 
FROM users 
WHERE users.id = ?
2022-04-27 00:48:22,123 [INFO] sqlalchemy.engine.Engine: [cached since 16.46s ago] (1,)
2022-04-27 00:48:22,139 [INFO] sqlalchemy.engine.Engine: ROLLBACK
2022-04-27 00:48:23,693 [INFO] sqlalchemy.engine.Engine: BEGIN (implicit)
2022-04-27 00:48:23,699 [INFO] sqlalchemy.engine.Engine: SELECT users.is_active AS users_is_active, users.id AS users_id, users.email AS users_email, users.password AS users_password, users.about AS users_about, users.authenticated AS users_authenticated, users.registered_on AS users_registered_on, users.is_admin AS users_is_admin 
FROM users 
WHERE users.id = ?
2022-04-27 00:48:23,704 [INFO] sqlalchemy.engine.Engine: [cached since 18.04s ago] (1,)
2022-04-27 00:48:23,726 [INFO] sqlalchemy.engine.Engine: SELECT users.is_active AS users_is_active, users.id AS users_id, users.email AS users_email, users.password AS users_password, users.about AS users_about, users.authenticated AS users_authenticated, users.registered_on AS users_registered_on, users.is_admin AS users_is_admin 
FROM users
2022-04-27 00:48:23,729 [INFO] sqlalchemy.engine.Engine: [generated in 0.00282s] ()
2022-04-27 00:48:23,787 [INFO] sqlalchemy.engine.Engine: ROLLBACK
2022-04-27 00:48:29,695 [INFO] sqlalchemy.engine.Engine: BEGIN (implicit)
2022-04-27 00:48:29,700 [INFO] sqlalchemy.engine.Engine: SELECT users.is_active AS users_is_active, users.id AS users_id, users.email AS users_email, users.password AS users_password, users.about AS users_about, users.authenticated AS users_authenticated, users.registered_on AS users_registered_on, users.is_admin AS users_is_admin 
FROM users 
WHERE users.id = ?
2022-04-27 00:48:29,704 [INFO] sqlalchemy.engine.Engine: [cached since 24.04s ago] (1,)
2022-04-27 00:48:29,727 [INFO] sqlalchemy.engine.Engine: ROLLBACK
2022-04-27 00:48:30,876 [INFO] sqlalchemy.engine.Engine: BEGIN (implicit)
2022-04-27 00:48:30,880 [INFO] sqlalchemy.engine.Engine: SELECT users.is_active AS users_is_active, users.id AS users_id, users.email AS users_email, users.password AS users_password, users.about AS users_about, users.authenticated AS users_authenticated, users.registered_on AS users_registered_on, users.is_admin AS users_is_admin 
FROM users 
WHERE users.id = ?
2022-04-27 00:48:30,883 [INFO] sqlalchemy.engine.Engine: [cached since 25.22s ago] (1,)
2022-04-27 00:48:30,906 [INFO] sqlalchemy.engine.Engine: ROLLBACK
2022-04-27 00:48:31,561 [INFO] sqlalchemy.engine.Engine: BEGIN (implicit)
2022-04-27 00:48:31,566 [INFO] sqlalchemy.engine.Engine: SELECT users.is_active AS users_is_active, users.id AS users_id, users.email AS users_email, users.password AS users_password, users.about AS users_about, users.authenticated AS users_authenticated, users.registered_on AS users_registered_on, users.is_admin AS users_is_admin 
FROM users 
WHERE users.id = ?
2022-04-27 00:48:31,572 [INFO] sqlalchemy.engine.Engine: [cached since 25.91s ago] (1,)
2022-04-27 00:48:31,603 [INFO] sqlalchemy.engine.Engine: ROLLBACK
2022-04-27 00:48:33,893 [INFO] sqlalchemy.engine.Engine: BEGIN (implicit)
2022-04-27 00:48:33,899 [INFO] sqlalchemy.engine.Engine: SELECT users.is_active AS users_is_active, users.id AS users_id, users.email AS users_email, users.password AS users_password, users.about AS users_about, users.authenticated AS users_authenticated, users.registered_on AS users_registered_on, users.is_admin AS users_is_admin 
FROM users 
WHERE users.id = ?
2022-04-27 00:48:33,904 [INFO] sqlalchemy.engine.Engine: [cached since 28.24s ago] (1,)
2022-04-27 00:48:33,945 [INFO] sqlalchemy.engine.Engine: ROLLBACK
2022-04-27 01:07:58,702 [INFO] sqlalchemy.engine.Engine: BEGIN (implicit)
2022-04-27 01:07:58,704 [INFO] sqlalchemy.engine.Engine: SELECT users.is_active AS users_is_active, users.id AS users_id, users.email AS users_email, users.password AS users_password, users.about AS users_about, users.authenticated AS users_authenticated, users.registered_on AS users_registered_on, users.is_admin AS users_is_admin 
FROM users 
WHERE users.id = ?
2022-04-27 01:07:58,706 [INFO] sqlalchemy.engine.Engine: [generated in 0.00176s] (1,)
2022-04-27 01:07:58,773 [INFO] sqlalchemy.engine.Engine: ROLLBACK
2022-04-27 01:07:59,844 [INFO] sqlalchemy.engine.Engine: BEGIN (implicit)
2022-04-27 01:07:59,850 [INFO] sqlalchemy.engine.Engine: SELECT users.is_active AS users_is_active, users.id AS users_id, users.email AS users_email, users.password AS users_password, users.about AS users_about, users.authenticated AS users_authenticated, users.registered_on AS users_registered_on, users.is_admin AS users_is_admin 
FROM users 
WHERE users.id = ?
2022-04-27 01:07:59,854 [INFO] sqlalchemy.engine.Engine: [cached since 1.15s ago] (1,)
2022-04-27 01:07:59,877 [INFO] sqlalchemy.engine.Engine: ROLLBACK
2022-04-27 01:08:00,709 [INFO] sqlalchemy.engine.Engine: BEGIN (implicit)
2022-04-27 01:08:00,716 [INFO] sqlalchemy.engine.Engine: SELECT users.is_active AS users_is_active, users.id AS users_id, users.email AS users_email, users.password AS users_password, users.about AS users_about, users.authenticated AS users_authenticated, users.registered_on AS users_registered_on, users.is_admin AS users_is_admin 
FROM users 
WHERE users.id = ?
2022-04-27 01:08:00,720 [INFO] sqlalchemy.engine.Engine: [cached since 2.016s ago] (1,)
2022-04-27 01:08:00,768 [INFO] sqlalchemy.engine.Engine: ROLLBACK
2022-04-27 01:08:01,339 [INFO] sqlalchemy.engine.Engine: BEGIN (implicit)
2022-04-27 01:08:01,346 [INFO] sqlalchemy.engine.Engine: SELECT users.is_active AS users_is_active, users.id AS users_id, users.email AS users_email, users.password AS users_password, users.about AS users_about, users.authenticated AS users_authenticated, users.registered_on AS users_registered_on, users.is_admin AS users_is_admin 
FROM users 
WHERE users.id = ?
2022-04-27 01:08:01,351 [INFO] sqlalchemy.engine.Engine: [cached since 2.646s ago] (1,)
2022-04-27 01:08:01,371 [INFO] sqlalchemy.engine.Engine: SELECT users.is_active AS users_is_active, users.id AS users_id, users.email AS users_email, users.password AS users_password, users.about AS users_about, users.authenticated AS users_authenticated, users.registered_on AS users_registered_on, users.is_admin AS users_is_admin 
FROM users
2022-04-27 01:08:01,374 [INFO] sqlalchemy.engine.Engine: [generated in 0.00271s] ()
2022-04-27 01:08:01,422 [INFO] sqlalchemy.engine.Engine: ROLLBACK
2022-04-27 01:08:05,491 [INFO] sqlalchemy.engine.Engine: BEGIN (implicit)
2022-04-27 01:08:05,498 [INFO] sqlalchemy.engine.Engine: SELECT users.is_active AS users_is_active, users.id AS users_id, users.email AS users_email, users.password AS users_password, users.about AS users_about, users.authenticated AS users_authenticated, users.registered_on AS users_registered_on, users.is_admin AS users_is_admin 
FROM users 
WHERE users.id = ?
2022-04-27 01:08:05,502 [INFO] sqlalchemy.engine.Engine: [cached since 6.798s ago] (1,)
2022-04-27 01:08:05,521 [INFO] sqlalchemy.engine.Engine: SELECT users.is_active AS users_is_active, users.id AS users_id, users.email AS users_email, users.password AS users_password, users.about AS users_about, users.authenticated AS users_authenticated, users.registered_on AS users_registered_on, users.is_admin AS users_is_admin 
FROM users
2022-04-27 01:08:05,524 [INFO] sqlalchemy.engine.Engine: [cached since 4.153s ago] ()
2022-04-27 01:08:05,538 [INFO] sqlalchemy.engine.Engine: ROLLBACK
2022-04-27 01:08:06,422 [INFO] sqlalchemy.engine.Engine: BEGIN (implicit)
2022-04-27 01:08:06,426 [INFO] sqlalchemy.engine.Engine: SELECT users.is_active AS users_is_active, users.id AS users_id, users.email AS users_email, users.password AS users_password, users.about AS users_about, users.authenticated AS users_authenticated, users.registered_on AS users_registered_on, users.is_admin AS users_is_admin 
FROM users 
WHERE users.id = ?
2022-04-27 01:08:06,432 [INFO] sqlalchemy.engine.Engine: [cached since 7.728s ago] (1,)
2022-04-27 01:08:06,458 [INFO] sqlalchemy.engine.Engine: ROLLBACK
2022-04-27 01:08:07,224 [INFO] sqlalchemy.engine.Engine: BEGIN (implicit)
2022-04-27 01:08:07,230 [INFO] sqlalchemy.engine.Engine: SELECT users.is_active AS users_is_active, users.id AS users_id, users.email AS users_email, users.password AS users_password, users.about AS users_about, users.authenticated AS users_authenticated, users.registered_on AS users_registered_on, users.is_admin AS users_is_admin 
FROM users 
WHERE users.id = ?
2022-04-27 01:08:07,235 [INFO] sqlalchemy.engine.Engine: [cached since 8.531s ago] (1,)
2022-04-27 01:08:07,267 [INFO] sqlalchemy.engine.Engine: ROLLBACK
